<?xml version="1.0" encoding="UTF-8"?>
<!-- Generated by org.testng.reporters.JUnitReportReporter -->
<testsuite hostname="DESKTOP-U8PBBVP" failures="0" tests="1" name="driverFactory.AppTest" time="24.631" errors="0" timestamp="2023-11-09T18:36:53 IST" skipped="0">
  <testcase classname="driverFactory.AppTest" name="kickStart" time="24.631"/>
</testsuite> <!-- driverFactory.AppTest -->
